<?xml version="1.0" encoding="UTF-8"?>
<!-- Generated by org.testng.reporters.JUnitXMLReporter -->
<testsuite hostname="QT-INNO-LT0004" name="Weather_Verification_Test" tests="3" failures="1" timestamp="1 Jul 2021 18:10:32 GMT" time="18.567" errors="0">
  <testcase name="Test01_Launch_Application_And_Verify_User_Navigation_To_HomePage" time="12.89" classname="automation.tests.Weather_Verification_Test"/>
  <testcase name="Test02_Click_On_Weather_Tab_And_Verify_User_Navigates_To_Weather_Page" time="1.904" classname="automation.tests.Weather_Verification_Test"/>
  <testcase name="Test03_enter_City_And_Verify_City_Is_Displayed_In_Map" time="0.049" classname="automation.tests.Weather_Verification_Test">
    <failure type="java.lang.AssertionError" message="[ASSERT FAILED]: Element pinCityField not found on the WeatherPage !!!">
      <![CDATA[java.lang.AssertionError: [ASSERT FAILED]: Element pinCityField not found on the WeatherPage !!!
	at automation.base.GetPage.element(GetPage.java:34)
	at automation.keywords.WeatherPage.enterCityInPinYourCityTextField(WeatherPage.java:26)
	at automation.tests.Weather_Verification_Test.Test03_enter_City_And_Verify_City_Is_Displayed_In_Map(Weather_Verification_Test.java:36)
	at java.util.concurrent.FutureTask.run(Unknown Source)
	at java.util.concurrent.ThreadPoolExecutor.runWorker(Unknown Source)
	at java.util.concurrent.ThreadPoolExecutor$Worker.run(Unknown Source)
	at java.lang.Thread.run(Unknown Source)
... Removed 17 stack frames]]>
    </failure>
  </testcase> <!-- Test03_enter_City_And_Verify_City_Is_Displayed_In_Map -->
</testsuite> <!-- Weather_Verification_Test -->
